This file contains any messages produced by compilers while
running configure, to aid debugging if configure makes a mistake.

It was created by configure, which was
generated by GNU Autoconf 2.61.  Invocation command line was

  $ ./configure --with-tcl=/usr/local/lib/tcl8.4 --with-tclinclude=/usr/local/include/tcl8.4

## --------- ##
## Platform. ##
## --------- ##

hostname = bravo.flightaware.com
uname -m = amd64
uname -r = 6.0-STABLE
uname -s = FreeBSD
uname -v = FreeBSD 6.0-STABLE #0: Thu Dec  8 17:32:40 UTC 2005     dbaker@kilo.flightaware.com:/usr/obj/usr/src/sys/KILO 

/usr/bin/uname -p = amd64
/bin/uname -X     = unknown

/bin/arch              = unknown
/usr/bin/arch -k       = unknown
/usr/convex/getsysinfo = unknown
/usr/bin/hostinfo      = unknown
/bin/machine           = unknown
/usr/bin/oslevel       = unknown
/bin/universe          = unknown

PATH: /sbin
PATH: /bin
PATH: /usr/sbin
PATH: /usr/bin
PATH: /usr/games
PATH: /usr/local/sbin
PATH: /usr/local/bin
PATH: /usr/X11R6/bin
PATH: /home/karl/bin


## ----------- ##
## Core tests. ##
## ----------- ##

configure:1727: checking for tclsh8.4
configure:1745: found /usr/local/bin/tclsh8.4
configure:1757: result: /usr/local/bin/tclsh8.4
configure:1784: checking for tclConfig.sh in /usr/local/lib/tcl8.4
configure:1789: result: yes
configure:1829: checking for tcl version
configure:1831: result: "8.4"
configure:1848: checking for wish8.4
configure:1881: result: no
configure:1905: checking for tkConfig.sh in /lib
configure:1914: result: no
configure:1905: checking for tkConfig.sh in /lib/tk8.4
configure:1914: result: no
configure:1905: checking for tkConfig.sh in NONE/lib
configure:1914: result: no
configure:1905: checking for tkConfig.sh in NONE/lib/tk8.4
configure:1914: result: no
configure:1905: checking for tkConfig.sh in NONE/lib
configure:1914: result: no
configure:1905: checking for tkConfig.sh in NONE/lib/tk8.4
configure:1914: result: no
configure:1905: checking for tkConfig.sh in /usr/local/lib
configure:1914: result: no
configure:1905: checking for tkConfig.sh in /usr/local/lib/tk8.4
configure:1914: result: no
configure:1920: WARNING: "tkConfig.sh not found - use the --with-tk option"
configure:1922: WARNING: "will not build tkined"
configure:2000: checking for gcc
configure:2027: result: cc
configure:2265: checking for C compiler version
configure:2272: cc --version >&5
cc (GCC) 3.4.4 [FreeBSD] 20050518
Copyright (C) 2004 Free Software Foundation, Inc.
This is free software; see the source for copying conditions.  There is NO
warranty; not even for MERCHANTABILITY or FITNESS FOR A PARTICULAR PURPOSE.

configure:2275: $? = 0
configure:2282: cc -v >&5
Using built-in specs.
Configured with: FreeBSD/amd64 system compiler
Thread model: posix
gcc version 3.4.4 [FreeBSD] 20050518
configure:2285: $? = 0
configure:2292: cc -V >&5
cc: `-V' option must have argument
configure:2295: $? = 1
configure:2318: checking for C compiler default output file name
configure:2345: cc    conftest.c  >&5
configure:2348: $? = 0
configure:2386: result: a.out
configure:2403: checking whether the C compiler works
configure:2413: ./a.out
configure:2416: $? = 0
configure:2433: result: yes
configure:2440: checking whether we are cross compiling
configure:2442: result: no
configure:2445: checking for suffix of executables
configure:2452: cc -o conftest    conftest.c  >&5
configure:2455: $? = 0
configure:2479: result: 
configure:2485: checking for suffix of object files
configure:2511: cc -c   conftest.c >&5
configure:2514: $? = 0
configure:2537: result: o
configure:2541: checking whether we are using the GNU C compiler
configure:2570: cc -c   conftest.c >&5
configure:2576: $? = 0
configure:2593: result: yes
configure:2598: checking whether cc accepts -g
configure:2628: cc -c -g  conftest.c >&5
configure:2634: $? = 0
configure:2733: result: yes
configure:2750: checking for cc option to accept ISO C89
configure:2824: cc  -c -g -O2  conftest.c >&5
configure:2830: $? = 0
configure:2853: result: none needed
configure:2876: checking how to run the C preprocessor
configure:2916: cc -E  conftest.c
configure:2922: $? = 0
configure:2953: cc -E  conftest.c
conftest.c:8:28: ac_nonexistent.h: No such file or directory
configure:2959: $? = 1
configure: failed program was:
| /* confdefs.h.  */
| #define PACKAGE_NAME ""
| #define PACKAGE_TARNAME ""
| #define PACKAGE_VERSION ""
| #define PACKAGE_STRING ""
| #define PACKAGE_BUGREPORT ""
| /* end confdefs.h.  */
| #include <ac_nonexistent.h>
configure:2992: result: cc -E
configure:3021: cc -E  conftest.c
configure:3027: $? = 0
configure:3058: cc -E  conftest.c
conftest.c:8:28: ac_nonexistent.h: No such file or directory
configure:3064: $? = 1
configure: failed program was:
| /* confdefs.h.  */
| #define PACKAGE_NAME ""
| #define PACKAGE_TARNAME ""
| #define PACKAGE_VERSION ""
| #define PACKAGE_STRING ""
| #define PACKAGE_BUGREPORT ""
| /* end confdefs.h.  */
| #include <ac_nonexistent.h>
configure:3145: checking for a BSD-compatible install
configure:3201: result: /usr/bin/install -c
configure:3219: checking for grep that handles long lines and -e
configure:3293: result: /usr/bin/grep
configure:3298: checking for egrep
configure:3376: result: /usr/bin/grep -E
configure:3381: checking for ANSI C header files
configure:3411: cc -c -g -O2  conftest.c >&5
configure:3417: $? = 0
configure:3516: cc -o conftest -g -O2   conftest.c  >&5
configure:3519: $? = 0
configure:3525: ./conftest
configure:3528: $? = 0
configure:3545: result: yes
configure:3569: checking for sys/types.h
configure:3590: cc -c -g -O2  conftest.c >&5
configure:3596: $? = 0
configure:3612: result: yes
configure:3569: checking for sys/stat.h
configure:3590: cc -c -g -O2  conftest.c >&5
configure:3596: $? = 0
configure:3612: result: yes
configure:3569: checking for stdlib.h
configure:3590: cc -c -g -O2  conftest.c >&5
configure:3596: $? = 0
configure:3612: result: yes
configure:3569: checking for string.h
configure:3590: cc -c -g -O2  conftest.c >&5
configure:3596: $? = 0
configure:3612: result: yes
configure:3569: checking for memory.h
configure:3590: cc -c -g -O2  conftest.c >&5
configure:3596: $? = 0
configure:3612: result: yes
configure:3569: checking for strings.h
configure:3590: cc -c -g -O2  conftest.c >&5
configure:3596: $? = 0
configure:3612: result: yes
configure:3569: checking for inttypes.h
configure:3590: cc -c -g -O2  conftest.c >&5
configure:3596: $? = 0
configure:3612: result: yes
configure:3569: checking for stdint.h
configure:3590: cc -c -g -O2  conftest.c >&5
configure:3596: $? = 0
configure:3612: result: yes
configure:3569: checking for unistd.h
configure:3590: cc -c -g -O2  conftest.c >&5
configure:3596: $? = 0
configure:3612: result: yes
configure:3624: checking for size_t
configure:3654: cc -c -g -O2  conftest.c >&5
configure:3660: $? = 0
configure:3675: result: yes
configure:3687: checking for short
configure:3717: cc -c -g -O2  conftest.c >&5
configure:3723: $? = 0
configure:3738: result: yes
configure:3745: checking size of short
configure:4047: cc -o conftest -g -O2   conftest.c  >&5
configure:4050: $? = 0
configure:4056: ./conftest
configure:4059: $? = 0
configure:4082: result: 2
configure:4092: checking for unsigned short
configure:4122: cc -c -g -O2  conftest.c >&5
configure:4128: $? = 0
configure:4143: result: yes
configure:4150: checking size of unsigned short
configure:4452: cc -o conftest -g -O2   conftest.c  >&5
configure:4455: $? = 0
configure:4461: ./conftest
configure:4464: $? = 0
configure:4487: result: 2
configure:4497: checking for int
configure:4527: cc -c -g -O2  conftest.c >&5
configure:4533: $? = 0
configure:4548: result: yes
configure:4555: checking size of int
configure:4857: cc -o conftest -g -O2   conftest.c  >&5
configure:4860: $? = 0
configure:4866: ./conftest
configure:4869: $? = 0
configure:4892: result: 4
configure:4902: checking for unsigned int
configure:4932: cc -c -g -O2  conftest.c >&5
configure:4938: $? = 0
configure:4953: result: yes
configure:4960: checking size of unsigned int
configure:5262: cc -o conftest -g -O2   conftest.c  >&5
configure:5265: $? = 0
configure:5271: ./conftest
configure:5274: $? = 0
configure:5297: result: 4
configure:5307: checking for long
configure:5337: cc -c -g -O2  conftest.c >&5
configure:5343: $? = 0
configure:5358: result: yes
configure:5365: checking size of long
configure:5667: cc -o conftest -g -O2   conftest.c  >&5
configure:5670: $? = 0
configure:5676: ./conftest
configure:5679: $? = 0
configure:5702: result: 8
configure:5712: checking for unsigned long
configure:5742: cc -c -g -O2  conftest.c >&5
configure:5748: $? = 0
configure:5763: result: yes
configure:5770: checking size of unsigned long
configure:6072: cc -o conftest -g -O2   conftest.c  >&5
configure:6075: $? = 0
configure:6081: ./conftest
configure:6084: $? = 0
configure:6107: result: 8
configure:6117: checking for long long
configure:6147: cc -c -g -O2  conftest.c >&5
configure:6153: $? = 0
configure:6168: result: yes
configure:6175: checking size of long long
configure:6477: cc -o conftest -g -O2   conftest.c  >&5
configure:6480: $? = 0
configure:6486: ./conftest
configure:6489: $? = 0
configure:6512: result: 8
configure:6522: checking for unsigned long long
configure:6552: cc -c -g -O2  conftest.c >&5
configure:6558: $? = 0
configure:6573: result: yes
configure:6580: checking size of unsigned long long
configure:6882: cc -o conftest -g -O2   conftest.c  >&5
configure:6885: $? = 0
configure:6891: ./conftest
configure:6894: $? = 0
configure:6917: result: 8
configure:6927: checking whether byte ordering is bigendian
configure:6960: cc -c -g -O2  conftest.c >&5
configure:6966: $? = 0
configure:6998: cc -c -g -O2  conftest.c >&5
conftest.c: In function `main':
conftest.c:33: error: syntax error before "big"
configure:7004: $? = 1
configure: failed program was:
| /* confdefs.h.  */
| #define PACKAGE_NAME ""
| #define PACKAGE_TARNAME ""
| #define PACKAGE_VERSION ""
| #define PACKAGE_STRING ""
| #define PACKAGE_BUGREPORT ""
| #define STDC_HEADERS 1
| #define HAVE_SYS_TYPES_H 1
| #define HAVE_SYS_STAT_H 1
| #define HAVE_STDLIB_H 1
| #define HAVE_STRING_H 1
| #define HAVE_MEMORY_H 1
| #define HAVE_STRINGS_H 1
| #define HAVE_INTTYPES_H 1
| #define HAVE_STDINT_H 1
| #define HAVE_UNISTD_H 1
| #define SIZEOF_SHORT 2
| #define SIZEOF_UNSIGNED_SHORT 2
| #define SIZEOF_INT 4
| #define SIZEOF_UNSIGNED_INT 4
| #define SIZEOF_LONG 8
| #define SIZEOF_UNSIGNED_LONG 8
| #define SIZEOF_LONG_LONG 8
| #define SIZEOF_UNSIGNED_LONG_LONG 8
| /* end confdefs.h.  */
| #include <sys/types.h>
| #include <sys/param.h>
| 
| int
| main ()
| {
| #if BYTE_ORDER != BIG_ENDIAN
|  not big endian
| #endif
| 
|   ;
|   return 0;
| }
configure:7144: result: no
configure:7169: checking for int16_t using cc
configure:7202: cc -c -g -O2  conftest.c >&5
configure:7208: $? = 0
configure:7224: result: yes
configure:7239: checking for uint16_t using cc
configure:7272: cc -c -g -O2  conftest.c >&5
configure:7278: $? = 0
configure:7294: result: yes
configure:7373: checking for int32_t using cc
configure:7406: cc -c -g -O2  conftest.c >&5
configure:7412: $? = 0
configure:7428: result: yes
configure:7571: checking for uint32_t using cc
configure:7604: cc -c -g -O2  conftest.c >&5
configure:7610: $? = 0
configure:7626: result: yes
configure:7704: checking for ipaddr_t using cc
configure:7737: cc -c -g -O2  conftest.c >&5
conftest.c: In function `main':
conftest.c:37: error: syntax error before "i"
configure:7743: $? = 1
configure: failed program was:
| /* confdefs.h.  */
| #define PACKAGE_NAME ""
| #define PACKAGE_TARNAME ""
| #define PACKAGE_VERSION ""
| #define PACKAGE_STRING ""
| #define PACKAGE_BUGREPORT ""
| #define STDC_HEADERS 1
| #define HAVE_SYS_TYPES_H 1
| #define HAVE_SYS_STAT_H 1
| #define HAVE_STDLIB_H 1
| #define HAVE_STRING_H 1
| #define HAVE_MEMORY_H 1
| #define HAVE_STRINGS_H 1
| #define HAVE_INTTYPES_H 1
| #define HAVE_STDINT_H 1
| #define HAVE_UNISTD_H 1
| #define SIZEOF_SHORT 2
| #define SIZEOF_UNSIGNED_SHORT 2
| #define SIZEOF_INT 4
| #define SIZEOF_UNSIGNED_INT 4
| #define SIZEOF_LONG 8
| #define SIZEOF_UNSIGNED_LONG 8
| #define SIZEOF_LONG_LONG 8
| #define SIZEOF_UNSIGNED_LONG_LONG 8
| /* end confdefs.h.  */
| 
| #       include "confdefs.h"
| #       include <sys/types.h>
| #	include <netinet/in.h>
| #       if STDC_HEADERS
| #       include <stdlib.h>
| #       include <stddef.h>
| #       endif
| int
| main ()
| {
| ipaddr_t i
|   ;
|   return 0;
| }
configure:7759: result: no
configure:7775: checking for rpcgen
configure:7791: found /usr/bin/rpcgen
configure:7803: result: rpcgen
configure:7840: checking for connect
configure:7896: cc -o conftest -g -O2   conftest.c  >&5
configure:7902: $? = 0
configure:7919: result: yes
configure:7925: checking for gethostbyname
configure:7981: cc -o conftest -g -O2   conftest.c  >&5
configure:7987: $? = 0
configure:8004: result: yes
configure:8013: checking for main in -lnsl
configure:8042: cc -o conftest -g -O2   conftest.c -lnsl   -lsocket >&5
/usr/bin/ld: cannot find -lnsl
configure:8048: $? = 1
configure: failed program was:
| /* confdefs.h.  */
| #define PACKAGE_NAME ""
| #define PACKAGE_TARNAME ""
| #define PACKAGE_VERSION ""
| #define PACKAGE_STRING ""
| #define PACKAGE_BUGREPORT ""
| #define STDC_HEADERS 1
| #define HAVE_SYS_TYPES_H 1
| #define HAVE_SYS_STAT_H 1
| #define HAVE_STDLIB_H 1
| #define HAVE_STRING_H 1
| #define HAVE_MEMORY_H 1
| #define HAVE_STRINGS_H 1
| #define HAVE_INTTYPES_H 1
| #define HAVE_STDINT_H 1
| #define HAVE_UNISTD_H 1
| #define SIZEOF_SHORT 2
| #define SIZEOF_UNSIGNED_SHORT 2
| #define SIZEOF_INT 4
| #define SIZEOF_UNSIGNED_INT 4
| #define SIZEOF_LONG 8
| #define SIZEOF_UNSIGNED_LONG 8
| #define SIZEOF_LONG_LONG 8
| #define SIZEOF_UNSIGNED_LONG_LONG 8
| #define ipaddr_t uint32_t
| /* end confdefs.h.  */
| 
| 
| int
| main ()
| {
| return main ();
|   ;
|   return 0;
| }
configure:8066: result: no
configure:8085: checking for connect in -lsocket
configure:8120: cc -o conftest -g -O2   conftest.c -lsocket   >&5
/usr/bin/ld: cannot find -lsocket
configure:8126: $? = 1
configure: failed program was:
| /* confdefs.h.  */
| #define PACKAGE_NAME ""
| #define PACKAGE_TARNAME ""
| #define PACKAGE_VERSION ""
| #define PACKAGE_STRING ""
| #define PACKAGE_BUGREPORT ""
| #define STDC_HEADERS 1
| #define HAVE_SYS_TYPES_H 1
| #define HAVE_SYS_STAT_H 1
| #define HAVE_STDLIB_H 1
| #define HAVE_STRING_H 1
| #define HAVE_MEMORY_H 1
| #define HAVE_STRINGS_H 1
| #define HAVE_INTTYPES_H 1
| #define HAVE_STDINT_H 1
| #define HAVE_UNISTD_H 1
| #define SIZEOF_SHORT 2
| #define SIZEOF_UNSIGNED_SHORT 2
| #define SIZEOF_INT 4
| #define SIZEOF_UNSIGNED_INT 4
| #define SIZEOF_LONG 8
| #define SIZEOF_UNSIGNED_LONG 8
| #define SIZEOF_LONG_LONG 8
| #define SIZEOF_UNSIGNED_LONG_LONG 8
| #define ipaddr_t uint32_t
| /* end confdefs.h.  */
| 
| /* Override any GCC internal prototype to avoid an error.
|    Use char because int might match the return type of a GCC
|    builtin and then its argument prototype would still apply.  */
| #ifdef __cplusplus
| extern "C"
| #endif
| char connect ();
| int
| main ()
| {
| return connect ();
|   ;
|   return 0;
| }
configure:8144: result: no
configure:8151: checking for gethostbyname in -lnsl
configure:8186: cc -o conftest -g -O2   conftest.c -lnsl   >&5
/usr/bin/ld: cannot find -lnsl
configure:8192: $? = 1
configure: failed program was:
| /* confdefs.h.  */
| #define PACKAGE_NAME ""
| #define PACKAGE_TARNAME ""
| #define PACKAGE_VERSION ""
| #define PACKAGE_STRING ""
| #define PACKAGE_BUGREPORT ""
| #define STDC_HEADERS 1
| #define HAVE_SYS_TYPES_H 1
| #define HAVE_SYS_STAT_H 1
| #define HAVE_STDLIB_H 1
| #define HAVE_STRING_H 1
| #define HAVE_MEMORY_H 1
| #define HAVE_STRINGS_H 1
| #define HAVE_INTTYPES_H 1
| #define HAVE_STDINT_H 1
| #define HAVE_UNISTD_H 1
| #define SIZEOF_SHORT 2
| #define SIZEOF_UNSIGNED_SHORT 2
| #define SIZEOF_INT 4
| #define SIZEOF_UNSIGNED_INT 4
| #define SIZEOF_LONG 8
| #define SIZEOF_UNSIGNED_LONG 8
| #define SIZEOF_LONG_LONG 8
| #define SIZEOF_UNSIGNED_LONG_LONG 8
| #define ipaddr_t uint32_t
| /* end confdefs.h.  */
| 
| /* Override any GCC internal prototype to avoid an error.
|    Use char because int might match the return type of a GCC
|    builtin and then its argument prototype would still apply.  */
| #ifdef __cplusplus
| extern "C"
| #endif
| char gethostbyname ();
| int
| main ()
| {
| return gethostbyname ();
|   ;
|   return 0;
| }
configure:8210: result: no
configure:8219: checking for main in -lz
configure:8248: cc -o conftest -g -O2   conftest.c -lz   >&5
configure:8254: $? = 0
configure:8272: result: yes
configure:8278: checking for main in -lieee
configure:8307: cc -o conftest -g -O2   conftest.c -lieee   -lz >&5
/usr/bin/ld: cannot find -lieee
configure:8313: $? = 1
configure: failed program was:
| /* confdefs.h.  */
| #define PACKAGE_NAME ""
| #define PACKAGE_TARNAME ""
| #define PACKAGE_VERSION ""
| #define PACKAGE_STRING ""
| #define PACKAGE_BUGREPORT ""
| #define STDC_HEADERS 1
| #define HAVE_SYS_TYPES_H 1
| #define HAVE_SYS_STAT_H 1
| #define HAVE_STDLIB_H 1
| #define HAVE_STRING_H 1
| #define HAVE_MEMORY_H 1
| #define HAVE_STRINGS_H 1
| #define HAVE_INTTYPES_H 1
| #define HAVE_STDINT_H 1
| #define HAVE_UNISTD_H 1
| #define SIZEOF_SHORT 2
| #define SIZEOF_UNSIGNED_SHORT 2
| #define SIZEOF_INT 4
| #define SIZEOF_UNSIGNED_INT 4
| #define SIZEOF_LONG 8
| #define SIZEOF_UNSIGNED_LONG 8
| #define SIZEOF_LONG_LONG 8
| #define SIZEOF_UNSIGNED_LONG_LONG 8
| #define ipaddr_t uint32_t
| /* end confdefs.h.  */
| 
| 
| int
| main ()
| {
| return main ();
|   ;
|   return 0;
| }
configure:8331: result: no
configure:8337: checking for main in -lrpc
configure:8366: cc -o conftest -g -O2   conftest.c -lrpc   -lz >&5
/usr/bin/ld: cannot find -lrpc
configure:8372: $? = 1
configure: failed program was:
| /* confdefs.h.  */
| #define PACKAGE_NAME ""
| #define PACKAGE_TARNAME ""
| #define PACKAGE_VERSION ""
| #define PACKAGE_STRING ""
| #define PACKAGE_BUGREPORT ""
| #define STDC_HEADERS 1
| #define HAVE_SYS_TYPES_H 1
| #define HAVE_SYS_STAT_H 1
| #define HAVE_STDLIB_H 1
| #define HAVE_STRING_H 1
| #define HAVE_MEMORY_H 1
| #define HAVE_STRINGS_H 1
| #define HAVE_INTTYPES_H 1
| #define HAVE_STDINT_H 1
| #define HAVE_UNISTD_H 1
| #define SIZEOF_SHORT 2
| #define SIZEOF_UNSIGNED_SHORT 2
| #define SIZEOF_INT 4
| #define SIZEOF_UNSIGNED_INT 4
| #define SIZEOF_LONG 8
| #define SIZEOF_UNSIGNED_LONG 8
| #define SIZEOF_LONG_LONG 8
| #define SIZEOF_UNSIGNED_LONG_LONG 8
| #define ipaddr_t uint32_t
| /* end confdefs.h.  */
| 
| 
| int
| main ()
| {
| return main ();
|   ;
|   return 0;
| }
configure:8390: result: no
configure:8396: checking for res_mkquery
configure:8452: cc -o conftest -g -O2   conftest.c  -lz >&5
configure:8458: $? = 0
configure:8475: result: yes
configure:8569: checking sys/socket.h usability
configure:8586: cc -c -g -O2  conftest.c >&5
configure:8592: $? = 0
configure:8606: result: yes
configure:8610: checking sys/socket.h presence
configure:8625: cc -E  conftest.c
configure:8631: $? = 0
configure:8645: result: yes
configure:8673: checking for sys/socket.h
configure:8681: result: yes
configure:8695: checking for socklen_t
configure:8733: cc -c -g -O2  conftest.c >&5
configure:8739: $? = 0
configure:8754: result: yes
configure:8764: checking for 'sa_len' in 'struct sockaddr'
configure:8791: cc -c -g -O2  conftest.c >&5
configure:8797: $? = 0
configure:8812: result: yes
configure:8832: checking for inet_pton
configure:8888: cc -o conftest -g -O2   conftest.c  -lz >&5
configure:8894: $? = 0
configure:8912: result: yes
configure:8832: checking for inet_ntop
configure:8888: cc -o conftest -g -O2   conftest.c  -lz >&5
configure:8894: $? = 0
configure:8912: result: yes
configure:8832: checking for getaddrinfo
configure:8888: cc -o conftest -g -O2   conftest.c  -lz >&5
configure:8894: $? = 0
configure:8912: result: yes
configure:8832: checking for getnameinfo
configure:8888: cc -o conftest -g -O2   conftest.c  -lz >&5
configure:8894: $? = 0
configure:8912: result: yes
configure:8936: checking for stdlib.h
configure:8942: result: yes
configure:8936: checking for unistd.h
configure:8942: result: yes
configure:8946: checking malloc.h usability
configure:8963: cc -c -g -O2  conftest.c >&5
In file included from conftest.c:69:
/usr/include/malloc.h:3:2: #error "<malloc.h> has been replaced by <stdlib.h>"
configure:8969: $? = 1
configure: failed program was:
| /* confdefs.h.  */
| #define PACKAGE_NAME ""
| #define PACKAGE_TARNAME ""
| #define PACKAGE_VERSION ""
| #define PACKAGE_STRING ""
| #define PACKAGE_BUGREPORT ""
| #define STDC_HEADERS 1
| #define HAVE_SYS_TYPES_H 1
| #define HAVE_SYS_STAT_H 1
| #define HAVE_STDLIB_H 1
| #define HAVE_STRING_H 1
| #define HAVE_MEMORY_H 1
| #define HAVE_STRINGS_H 1
| #define HAVE_INTTYPES_H 1
| #define HAVE_STDINT_H 1
| #define HAVE_UNISTD_H 1
| #define SIZEOF_SHORT 2
| #define SIZEOF_UNSIGNED_SHORT 2
| #define SIZEOF_INT 4
| #define SIZEOF_UNSIGNED_INT 4
| #define SIZEOF_LONG 8
| #define SIZEOF_UNSIGNED_LONG 8
| #define SIZEOF_LONG_LONG 8
| #define SIZEOF_UNSIGNED_LONG_LONG 8
| #define ipaddr_t uint32_t
| #define HAVE_SYS_SOCKET_H 1
| #define HAVE_SOCKLEN_T 1
| #define HAVE_SA_LEN 1
| #define HAVE_INET_PTON 1
| #define HAVE_INET_NTOP 1
| #define HAVE_GETADDRINFO 1
| #define HAVE_GETNAMEINFO 1
| #define HAVE_STDLIB_H 1
| #define HAVE_UNISTD_H 1
| /* end confdefs.h.  */
| #include <stdio.h>
| #ifdef HAVE_SYS_TYPES_H
| # include <sys/types.h>
| #endif
| #ifdef HAVE_SYS_STAT_H
| # include <sys/stat.h>
| #endif
| #ifdef STDC_HEADERS
| # include <stdlib.h>
| # include <stddef.h>
| #else
| # ifdef HAVE_STDLIB_H
| #  include <stdlib.h>
| # endif
| #endif
| #ifdef HAVE_STRING_H
| # if !defined STDC_HEADERS && defined HAVE_MEMORY_H
| #  include <memory.h>
| # endif
| # include <string.h>
| #endif
| #ifdef HAVE_STRINGS_H
| # include <strings.h>
| #endif
| #ifdef HAVE_INTTYPES_H
| # include <inttypes.h>
| #endif
| #ifdef HAVE_STDINT_H
| # include <stdint.h>
| #endif
| #ifdef HAVE_UNISTD_H
| # include <unistd.h>
| #endif
| #include <malloc.h>
configure:8983: result: no
configure:8987: checking malloc.h presence
configure:9002: cc -E  conftest.c
In file included from conftest.c:36:
/usr/include/malloc.h:3:2: #error "<malloc.h> has been replaced by <stdlib.h>"
configure:9008: $? = 1
configure: failed program was:
| /* confdefs.h.  */
| #define PACKAGE_NAME ""
| #define PACKAGE_TARNAME ""
| #define PACKAGE_VERSION ""
| #define PACKAGE_STRING ""
| #define PACKAGE_BUGREPORT ""
| #define STDC_HEADERS 1
| #define HAVE_SYS_TYPES_H 1
| #define HAVE_SYS_STAT_H 1
| #define HAVE_STDLIB_H 1
| #define HAVE_STRING_H 1
| #define HAVE_MEMORY_H 1
| #define HAVE_STRINGS_H 1
| #define HAVE_INTTYPES_H 1
| #define HAVE_STDINT_H 1
| #define HAVE_UNISTD_H 1
| #define SIZEOF_SHORT 2
| #define SIZEOF_UNSIGNED_SHORT 2
| #define SIZEOF_INT 4
| #define SIZEOF_UNSIGNED_INT 4
| #define SIZEOF_LONG 8
| #define SIZEOF_UNSIGNED_LONG 8
| #define SIZEOF_LONG_LONG 8
| #define SIZEOF_UNSIGNED_LONG_LONG 8
| #define ipaddr_t uint32_t
| #define HAVE_SYS_SOCKET_H 1
| #define HAVE_SOCKLEN_T 1
| #define HAVE_SA_LEN 1
| #define HAVE_INET_PTON 1
| #define HAVE_INET_NTOP 1
| #define HAVE_GETADDRINFO 1
| #define HAVE_GETNAMEINFO 1
| #define HAVE_STDLIB_H 1
| #define HAVE_UNISTD_H 1
| /* end confdefs.h.  */
| #include <malloc.h>
configure:9022: result: no
configure:9050: checking for malloc.h
configure:9058: result: no
configure:8946: checking sys/select.h usability
configure:8963: cc -c -g -O2  conftest.c >&5
configure:8969: $? = 0
configure:8983: result: yes
configure:8987: checking sys/select.h presence
configure:9002: cc -E  conftest.c
configure:9008: $? = 0
configure:9022: result: yes
configure:9050: checking for sys/select.h
configure:9058: result: yes
configure:8946: checking zlib.h usability
configure:8963: cc -c -g -O2  conftest.c >&5
configure:8969: $? = 0
configure:8983: result: yes
configure:8987: checking zlib.h presence
configure:9002: cc -E  conftest.c
configure:9008: $? = 0
configure:9022: result: yes
configure:9050: checking for zlib.h
configure:9058: result: yes
configure:9076: checking for strerror
configure:9132: cc -o conftest -g -O2   conftest.c  -lz >&5
configure:9138: $? = 0
configure:9155: result: yes
configure:9164: checking for gethostent
configure:9220: cc -o conftest -g -O2   conftest.c  -lz >&5
configure:9226: $? = 0
configure:9243: result: yes
configure:9252: checking for getnetent
configure:9308: cc -o conftest -g -O2   conftest.c  -lz >&5
configure:9314: $? = 0
configure:9331: result: yes
configure:9340: checking for getprotoent
configure:9396: cc -o conftest -g -O2   conftest.c  -lz >&5
configure:9402: $? = 0
configure:9419: result: yes
configure:9428: checking for getservent
configure:9484: cc -o conftest -g -O2   conftest.c  -lz >&5
configure:9490: $? = 0
configure:9507: result: yes
configure:9516: checking for getrpcent
configure:9572: cc -o conftest -g -O2   conftest.c  -lz >&5
configure:9578: $? = 0
configure:9595: result: yes
configure:9609: checking for struct rpcent
configure:9624: result: yes
configure:9719: checking smi.h usability
configure:9736: cc -c -g -O2  conftest.c >&5
conftest.c:78:17: smi.h: No such file or directory
configure:9742: $? = 1
configure: failed program was:
| /* confdefs.h.  */
| #define PACKAGE_NAME ""
| #define PACKAGE_TARNAME ""
| #define PACKAGE_VERSION ""
| #define PACKAGE_STRING ""
| #define PACKAGE_BUGREPORT ""
| #define STDC_HEADERS 1
| #define HAVE_SYS_TYPES_H 1
| #define HAVE_SYS_STAT_H 1
| #define HAVE_STDLIB_H 1
| #define HAVE_STRING_H 1
| #define HAVE_MEMORY_H 1
| #define HAVE_STRINGS_H 1
| #define HAVE_INTTYPES_H 1
| #define HAVE_STDINT_H 1
| #define HAVE_UNISTD_H 1
| #define SIZEOF_SHORT 2
| #define SIZEOF_UNSIGNED_SHORT 2
| #define SIZEOF_INT 4
| #define SIZEOF_UNSIGNED_INT 4
| #define SIZEOF_LONG 8
| #define SIZEOF_UNSIGNED_LONG 8
| #define SIZEOF_LONG_LONG 8
| #define SIZEOF_UNSIGNED_LONG_LONG 8
| #define ipaddr_t uint32_t
| #define HAVE_SYS_SOCKET_H 1
| #define HAVE_SOCKLEN_T 1
| #define HAVE_SA_LEN 1
| #define HAVE_INET_PTON 1
| #define HAVE_INET_NTOP 1
| #define HAVE_GETADDRINFO 1
| #define HAVE_GETNAMEINFO 1
| #define HAVE_STDLIB_H 1
| #define HAVE_UNISTD_H 1
| #define HAVE_SYS_SELECT_H 1
| #define HAVE_ZLIB_H 1
| #define HAVE_STRERROR 1
| #define HAVE_GETHOSTENT 1
| #define HAVE_GETNETENT 1
| #define HAVE_GETPROTOENT 1
| #define HAVE_GETSERVENT 1
| #define HAVE_GETRPCENT 1
| #define HAVE_RPCENT 1
| /* end confdefs.h.  */
| #include <stdio.h>
| #ifdef HAVE_SYS_TYPES_H
| # include <sys/types.h>
| #endif
| #ifdef HAVE_SYS_STAT_H
| # include <sys/stat.h>
| #endif
| #ifdef STDC_HEADERS
| # include <stdlib.h>
| # include <stddef.h>
| #else
| # ifdef HAVE_STDLIB_H
| #  include <stdlib.h>
| # endif
| #endif
| #ifdef HAVE_STRING_H
| # if !defined STDC_HEADERS && defined HAVE_MEMORY_H
| #  include <memory.h>
| # endif
| # include <string.h>
| #endif
| #ifdef HAVE_STRINGS_H
| # include <strings.h>
| #endif
| #ifdef HAVE_INTTYPES_H
| # include <inttypes.h>
| #endif
| #ifdef HAVE_STDINT_H
| # include <stdint.h>
| #endif
| #ifdef HAVE_UNISTD_H
| # include <unistd.h>
| #endif
| #include <smi.h>
configure:9756: result: no
configure:9760: checking smi.h presence
configure:9775: cc -E  conftest.c
conftest.c:45:17: smi.h: No such file or directory
configure:9781: $? = 1
configure: failed program was:
| /* confdefs.h.  */
| #define PACKAGE_NAME ""
| #define PACKAGE_TARNAME ""
| #define PACKAGE_VERSION ""
| #define PACKAGE_STRING ""
| #define PACKAGE_BUGREPORT ""
| #define STDC_HEADERS 1
| #define HAVE_SYS_TYPES_H 1
| #define HAVE_SYS_STAT_H 1
| #define HAVE_STDLIB_H 1
| #define HAVE_STRING_H 1
| #define HAVE_MEMORY_H 1
| #define HAVE_STRINGS_H 1
| #define HAVE_INTTYPES_H 1
| #define HAVE_STDINT_H 1
| #define HAVE_UNISTD_H 1
| #define SIZEOF_SHORT 2
| #define SIZEOF_UNSIGNED_SHORT 2
| #define SIZEOF_INT 4
| #define SIZEOF_UNSIGNED_INT 4
| #define SIZEOF_LONG 8
| #define SIZEOF_UNSIGNED_LONG 8
| #define SIZEOF_LONG_LONG 8
| #define SIZEOF_UNSIGNED_LONG_LONG 8
| #define ipaddr_t uint32_t
| #define HAVE_SYS_SOCKET_H 1
| #define HAVE_SOCKLEN_T 1
| #define HAVE_SA_LEN 1
| #define HAVE_INET_PTON 1
| #define HAVE_INET_NTOP 1
| #define HAVE_GETADDRINFO 1
| #define HAVE_GETNAMEINFO 1
| #define HAVE_STDLIB_H 1
| #define HAVE_UNISTD_H 1
| #define HAVE_SYS_SELECT_H 1
| #define HAVE_ZLIB_H 1
| #define HAVE_STRERROR 1
| #define HAVE_GETHOSTENT 1
| #define HAVE_GETNETENT 1
| #define HAVE_GETPROTOENT 1
| #define HAVE_GETSERVENT 1
| #define HAVE_GETRPCENT 1
| #define HAVE_RPCENT 1
| /* end confdefs.h.  */
| #include <smi.h>
configure:9795: result: no
configure:9823: checking for smi.h
configure:9831: result: no
configure:9844: checking for smiInit in -lsmi
configure:9879: cc -o conftest -g -O2   conftest.c -lsmi   -lz >&5
/usr/bin/ld: cannot find -lsmi
configure:9885: $? = 1
configure: failed program was:
| /* confdefs.h.  */
| #define PACKAGE_NAME ""
| #define PACKAGE_TARNAME ""
| #define PACKAGE_VERSION ""
| #define PACKAGE_STRING ""
| #define PACKAGE_BUGREPORT ""
| #define STDC_HEADERS 1
| #define HAVE_SYS_TYPES_H 1
| #define HAVE_SYS_STAT_H 1
| #define HAVE_STDLIB_H 1
| #define HAVE_STRING_H 1
| #define HAVE_MEMORY_H 1
| #define HAVE_STRINGS_H 1
| #define HAVE_INTTYPES_H 1
| #define HAVE_STDINT_H 1
| #define HAVE_UNISTD_H 1
| #define SIZEOF_SHORT 2
| #define SIZEOF_UNSIGNED_SHORT 2
| #define SIZEOF_INT 4
| #define SIZEOF_UNSIGNED_INT 4
| #define SIZEOF_LONG 8
| #define SIZEOF_UNSIGNED_LONG 8
| #define SIZEOF_LONG_LONG 8
| #define SIZEOF_UNSIGNED_LONG_LONG 8
| #define ipaddr_t uint32_t
| #define HAVE_SYS_SOCKET_H 1
| #define HAVE_SOCKLEN_T 1
| #define HAVE_SA_LEN 1
| #define HAVE_INET_PTON 1
| #define HAVE_INET_NTOP 1
| #define HAVE_GETADDRINFO 1
| #define HAVE_GETNAMEINFO 1
| #define HAVE_STDLIB_H 1
| #define HAVE_UNISTD_H 1
| #define HAVE_SYS_SELECT_H 1
| #define HAVE_ZLIB_H 1
| #define HAVE_STRERROR 1
| #define HAVE_GETHOSTENT 1
| #define HAVE_GETNETENT 1
| #define HAVE_GETPROTOENT 1
| #define HAVE_GETSERVENT 1
| #define HAVE_GETRPCENT 1
| #define HAVE_RPCENT 1
| /* end confdefs.h.  */
| 
| /* Override any GCC internal prototype to avoid an error.
|    Use char because int might match the return type of a GCC
|    builtin and then its argument prototype would still apply.  */
| #ifdef __cplusplus
| extern "C"
| #endif
| char smiInit ();
| int
| main ()
| {
| return smiInit ();
|   ;
|   return 0;
| }
configure:9903: result: no
configure:9909: checking whether to enable libsmi
configure:9948: cc -o conftest -g -O2   conftest.c  -lz >&5
conftest.c:46:17: smi.h: No such file or directory
conftest.c: In function `main':
conftest.c:53: error: `SMI_LIBRARY_VERSION' undeclared (first use in this function)
conftest.c:53: error: (Each undeclared identifier is reported only once
conftest.c:53: error: for each function it appears in.)
conftest.c:53: error: `smi_library_version' undeclared (first use in this function)
configure:9951: $? = 1
configure: program exited with status 1
configure: failed program was:
| /* confdefs.h.  */
| #define PACKAGE_NAME ""
| #define PACKAGE_TARNAME ""
| #define PACKAGE_VERSION ""
| #define PACKAGE_STRING ""
| #define PACKAGE_BUGREPORT ""
| #define STDC_HEADERS 1
| #define HAVE_SYS_TYPES_H 1
| #define HAVE_SYS_STAT_H 1
| #define HAVE_STDLIB_H 1
| #define HAVE_STRING_H 1
| #define HAVE_MEMORY_H 1
| #define HAVE_STRINGS_H 1
| #define HAVE_INTTYPES_H 1
| #define HAVE_STDINT_H 1
| #define HAVE_UNISTD_H 1
| #define SIZEOF_SHORT 2
| #define SIZEOF_UNSIGNED_SHORT 2
| #define SIZEOF_INT 4
| #define SIZEOF_UNSIGNED_INT 4
| #define SIZEOF_LONG 8
| #define SIZEOF_UNSIGNED_LONG 8
| #define SIZEOF_LONG_LONG 8
| #define SIZEOF_UNSIGNED_LONG_LONG 8
| #define ipaddr_t uint32_t
| #define HAVE_SYS_SOCKET_H 1
| #define HAVE_SOCKLEN_T 1
| #define HAVE_SA_LEN 1
| #define HAVE_INET_PTON 1
| #define HAVE_INET_NTOP 1
| #define HAVE_GETADDRINFO 1
| #define HAVE_GETNAMEINFO 1
| #define HAVE_STDLIB_H 1
| #define HAVE_UNISTD_H 1
| #define HAVE_SYS_SELECT_H 1
| #define HAVE_ZLIB_H 1
| #define HAVE_STRERROR 1
| #define HAVE_GETHOSTENT 1
| #define HAVE_GETNETENT 1
| #define HAVE_GETPROTOENT 1
| #define HAVE_GETSERVENT 1
| #define HAVE_GETRPCENT 1
| #define HAVE_RPCENT 1
| /* end confdefs.h.  */
|  /* libsmi available check */
| #include <smi.h>
| main()
| {
|   int current, revision, age, n;
|   const int required = 2;
|   if (smiInit(""))
|     exit(1);
|   if (strcmp(SMI_LIBRARY_VERSION, smi_library_version))
|     exit(2);
|   n = sscanf(smi_library_version, "%d:%d:%d", &current, &revision, &age);
|   if (n != 3)
|     exit(3);
|   if (required < current - age || required > current)
|     exit(4);
|   exit(0);
| }
| 
configure:9979: result: no
configure:9994: checking for library containing getmntent
configure:10035: cc -o conftest -g -O2   conftest.c  -lz >&5
/var/tmp//ccbW4BO6.o(.text+0x7): In function `main':
/home/karl/src/sc-scotty/unix/conftest.c:56: undefined reference to `getmntent'
configure:10041: $? = 1
configure: failed program was:
| /* confdefs.h.  */
| #define PACKAGE_NAME ""
| #define PACKAGE_TARNAME ""
| #define PACKAGE_VERSION ""
| #define PACKAGE_STRING ""
| #define PACKAGE_BUGREPORT ""
| #define STDC_HEADERS 1
| #define HAVE_SYS_TYPES_H 1
| #define HAVE_SYS_STAT_H 1
| #define HAVE_STDLIB_H 1
| #define HAVE_STRING_H 1
| #define HAVE_MEMORY_H 1
| #define HAVE_STRINGS_H 1
| #define HAVE_INTTYPES_H 1
| #define HAVE_STDINT_H 1
| #define HAVE_UNISTD_H 1
| #define SIZEOF_SHORT 2
| #define SIZEOF_UNSIGNED_SHORT 2
| #define SIZEOF_INT 4
| #define SIZEOF_UNSIGNED_INT 4
| #define SIZEOF_LONG 8
| #define SIZEOF_UNSIGNED_LONG 8
| #define SIZEOF_LONG_LONG 8
| #define SIZEOF_UNSIGNED_LONG_LONG 8
| #define ipaddr_t uint32_t
| #define HAVE_SYS_SOCKET_H 1
| #define HAVE_SOCKLEN_T 1
| #define HAVE_SA_LEN 1
| #define HAVE_INET_PTON 1
| #define HAVE_INET_NTOP 1
| #define HAVE_GETADDRINFO 1
| #define HAVE_GETNAMEINFO 1
| #define HAVE_STDLIB_H 1
| #define HAVE_UNISTD_H 1
| #define HAVE_SYS_SELECT_H 1
| #define HAVE_ZLIB_H 1
| #define HAVE_STRERROR 1
| #define HAVE_GETHOSTENT 1
| #define HAVE_GETNETENT 1
| #define HAVE_GETPROTOENT 1
| #define HAVE_GETSERVENT 1
| #define HAVE_GETRPCENT 1
| #define HAVE_RPCENT 1
| /* end confdefs.h.  */
| 
| /* Override any GCC internal prototype to avoid an error.
|    Use char because int might match the return type of a GCC
|    builtin and then its argument prototype would still apply.  */
| #ifdef __cplusplus
| extern "C"
| #endif
| char getmntent ();
| int
| main ()
| {
| return getmntent ();
|   ;
|   return 0;
| }
configure:10035: cc -o conftest -g -O2   conftest.c -lsun   -lz >&5
/usr/bin/ld: cannot find -lsun
configure:10041: $? = 1
configure: failed program was:
| /* confdefs.h.  */
| #define PACKAGE_NAME ""
| #define PACKAGE_TARNAME ""
| #define PACKAGE_VERSION ""
| #define PACKAGE_STRING ""
| #define PACKAGE_BUGREPORT ""
| #define STDC_HEADERS 1
| #define HAVE_SYS_TYPES_H 1
| #define HAVE_SYS_STAT_H 1
| #define HAVE_STDLIB_H 1
| #define HAVE_STRING_H 1
| #define HAVE_MEMORY_H 1
| #define HAVE_STRINGS_H 1
| #define HAVE_INTTYPES_H 1
| #define HAVE_STDINT_H 1
| #define HAVE_UNISTD_H 1
| #define SIZEOF_SHORT 2
| #define SIZEOF_UNSIGNED_SHORT 2
| #define SIZEOF_INT 4
| #define SIZEOF_UNSIGNED_INT 4
| #define SIZEOF_LONG 8
| #define SIZEOF_UNSIGNED_LONG 8
| #define SIZEOF_LONG_LONG 8
| #define SIZEOF_UNSIGNED_LONG_LONG 8
| #define ipaddr_t uint32_t
| #define HAVE_SYS_SOCKET_H 1
| #define HAVE_SOCKLEN_T 1
| #define HAVE_SA_LEN 1
| #define HAVE_INET_PTON 1
| #define HAVE_INET_NTOP 1
| #define HAVE_GETADDRINFO 1
| #define HAVE_GETNAMEINFO 1
| #define HAVE_STDLIB_H 1
| #define HAVE_UNISTD_H 1
| #define HAVE_SYS_SELECT_H 1
| #define HAVE_ZLIB_H 1
| #define HAVE_STRERROR 1
| #define HAVE_GETHOSTENT 1
| #define HAVE_GETNETENT 1
| #define HAVE_GETPROTOENT 1
| #define HAVE_GETSERVENT 1
| #define HAVE_GETRPCENT 1
| #define HAVE_RPCENT 1
| /* end confdefs.h.  */
| 
| /* Override any GCC internal prototype to avoid an error.
|    Use char because int might match the return type of a GCC
|    builtin and then its argument prototype would still apply.  */
| #ifdef __cplusplus
| extern "C"
| #endif
| char getmntent ();
| int
| main ()
| {
| return getmntent ();
|   ;
|   return 0;
| }
configure:10035: cc -o conftest -g -O2   conftest.c -lseq   -lz >&5
/usr/bin/ld: cannot find -lseq
configure:10041: $? = 1
configure: failed program was:
| /* confdefs.h.  */
| #define PACKAGE_NAME ""
| #define PACKAGE_TARNAME ""
| #define PACKAGE_VERSION ""
| #define PACKAGE_STRING ""
| #define PACKAGE_BUGREPORT ""
| #define STDC_HEADERS 1
| #define HAVE_SYS_TYPES_H 1
| #define HAVE_SYS_STAT_H 1
| #define HAVE_STDLIB_H 1
| #define HAVE_STRING_H 1
| #define HAVE_MEMORY_H 1
| #define HAVE_STRINGS_H 1
| #define HAVE_INTTYPES_H 1
| #define HAVE_STDINT_H 1
| #define HAVE_UNISTD_H 1
| #define SIZEOF_SHORT 2
| #define SIZEOF_UNSIGNED_SHORT 2
| #define SIZEOF_INT 4
| #define SIZEOF_UNSIGNED_INT 4
| #define SIZEOF_LONG 8
| #define SIZEOF_UNSIGNED_LONG 8
| #define SIZEOF_LONG_LONG 8
| #define SIZEOF_UNSIGNED_LONG_LONG 8
| #define ipaddr_t uint32_t
| #define HAVE_SYS_SOCKET_H 1
| #define HAVE_SOCKLEN_T 1
| #define HAVE_SA_LEN 1
| #define HAVE_INET_PTON 1
| #define HAVE_INET_NTOP 1
| #define HAVE_GETADDRINFO 1
| #define HAVE_GETNAMEINFO 1
| #define HAVE_STDLIB_H 1
| #define HAVE_UNISTD_H 1
| #define HAVE_SYS_SELECT_H 1
| #define HAVE_ZLIB_H 1
| #define HAVE_STRERROR 1
| #define HAVE_GETHOSTENT 1
| #define HAVE_GETNETENT 1
| #define HAVE_GETPROTOENT 1
| #define HAVE_GETSERVENT 1
| #define HAVE_GETRPCENT 1
| #define HAVE_RPCENT 1
| /* end confdefs.h.  */
| 
| /* Override any GCC internal prototype to avoid an error.
|    Use char because int might match the return type of a GCC
|    builtin and then its argument prototype would still apply.  */
| #ifdef __cplusplus
| extern "C"
| #endif
| char getmntent ();
| int
| main ()
| {
| return getmntent ();
|   ;
|   return 0;
| }
configure:10035: cc -o conftest -g -O2   conftest.c -lgen   -lz >&5
/usr/bin/ld: cannot find -lgen
configure:10041: $? = 1
configure: failed program was:
| /* confdefs.h.  */
| #define PACKAGE_NAME ""
| #define PACKAGE_TARNAME ""
| #define PACKAGE_VERSION ""
| #define PACKAGE_STRING ""
| #define PACKAGE_BUGREPORT ""
| #define STDC_HEADERS 1
| #define HAVE_SYS_TYPES_H 1
| #define HAVE_SYS_STAT_H 1
| #define HAVE_STDLIB_H 1
| #define HAVE_STRING_H 1
| #define HAVE_MEMORY_H 1
| #define HAVE_STRINGS_H 1
| #define HAVE_INTTYPES_H 1
| #define HAVE_STDINT_H 1
| #define HAVE_UNISTD_H 1
| #define SIZEOF_SHORT 2
| #define SIZEOF_UNSIGNED_SHORT 2
| #define SIZEOF_INT 4
| #define SIZEOF_UNSIGNED_INT 4
| #define SIZEOF_LONG 8
| #define SIZEOF_UNSIGNED_LONG 8
| #define SIZEOF_LONG_LONG 8
| #define SIZEOF_UNSIGNED_LONG_LONG 8
| #define ipaddr_t uint32_t
| #define HAVE_SYS_SOCKET_H 1
| #define HAVE_SOCKLEN_T 1
| #define HAVE_SA_LEN 1
| #define HAVE_INET_PTON 1
| #define HAVE_INET_NTOP 1
| #define HAVE_GETADDRINFO 1
| #define HAVE_GETNAMEINFO 1
| #define HAVE_STDLIB_H 1
| #define HAVE_UNISTD_H 1
| #define HAVE_SYS_SELECT_H 1
| #define HAVE_ZLIB_H 1
| #define HAVE_STRERROR 1
| #define HAVE_GETHOSTENT 1
| #define HAVE_GETNETENT 1
| #define HAVE_GETPROTOENT 1
| #define HAVE_GETSERVENT 1
| #define HAVE_GETRPCENT 1
| #define HAVE_RPCENT 1
| /* end confdefs.h.  */
| 
| /* Override any GCC internal prototype to avoid an error.
|    Use char because int might match the return type of a GCC
|    builtin and then its argument prototype would still apply.  */
| #ifdef __cplusplus
| extern "C"
| #endif
| char getmntent ();
| int
| main ()
| {
| return getmntent ();
|   ;
|   return 0;
| }
configure:10069: result: no
configure:10223: creating ./config.status

## ---------------------- ##
## Running config.status. ##
## ---------------------- ##

This file was extended by config.status, which was
generated by GNU Autoconf 2.61.  Invocation command line was

  CONFIG_FILES    = 
  CONFIG_HEADERS  = 
  CONFIG_LINKS    = 
  CONFIG_COMMANDS = 
  $ ./config.status 

on bravo.flightaware.com

config.status:622: creating Makefile
config.status:622: creating config.h
config.status:867: config.h is unchanged

## ---------------- ##
## Cache variables. ##
## ---------------- ##

ac_cv_c_bigendian=no
ac_cv_c_compiler_gnu=yes
ac_cv_env_CC_set=
ac_cv_env_CC_value=
ac_cv_env_CFLAGS_set=
ac_cv_env_CFLAGS_value=
ac_cv_env_CPPFLAGS_set=
ac_cv_env_CPPFLAGS_value=
ac_cv_env_CPP_set=
ac_cv_env_CPP_value=
ac_cv_env_LDFLAGS_set=
ac_cv_env_LDFLAGS_value=
ac_cv_env_LIBS_set=
ac_cv_env_LIBS_value=
ac_cv_env_build_alias_set=
ac_cv_env_build_alias_value=
ac_cv_env_host_alias_set=
ac_cv_env_host_alias_value=
ac_cv_env_target_alias_set=
ac_cv_env_target_alias_value=
ac_cv_func_connect=yes
ac_cv_func_getaddrinfo=yes
ac_cv_func_gethostbyname=yes
ac_cv_func_gethostent=yes
ac_cv_func_getmntent=no
ac_cv_func_getnameinfo=yes
ac_cv_func_getnetent=yes
ac_cv_func_getprotoent=yes
ac_cv_func_getrpcent=yes
ac_cv_func_getservent=yes
ac_cv_func_inet_ntop=yes
ac_cv_func_inet_pton=yes
ac_cv_func_res_mkquery=yes
ac_cv_func_strerror=yes
ac_cv_header_inttypes_h=yes
ac_cv_header_malloc_h=no
ac_cv_header_memory_h=yes
ac_cv_header_smi_h=no
ac_cv_header_stdc=yes
ac_cv_header_stdint_h=yes
ac_cv_header_stdlib_h=yes
ac_cv_header_string_h=yes
ac_cv_header_strings_h=yes
ac_cv_header_sys_select_h=yes
ac_cv_header_sys_socket_h=yes
ac_cv_header_sys_stat_h=yes
ac_cv_header_sys_types_h=yes
ac_cv_header_unistd_h=yes
ac_cv_header_zlib_h=yes
ac_cv_lib_ieee_main=no
ac_cv_lib_nsl_gethostbyname=no
ac_cv_lib_nsl_main=no
ac_cv_lib_rpc_main=no
ac_cv_lib_smi_smiInit=no
ac_cv_lib_socket_connect=no
ac_cv_lib_z_main=yes
ac_cv_objext=o
ac_cv_path_EGREP='/usr/bin/grep -E'
ac_cv_path_GREP=/usr/bin/grep
ac_cv_path_install='/usr/bin/install -c'
ac_cv_path_tclsh=/usr/local/bin/tclsh8.4
ac_cv_prog_CPP='cc -E'
ac_cv_prog_RPCGEN=rpcgen
ac_cv_prog_ac_ct_CC=cc
ac_cv_prog_cc_c89=
ac_cv_prog_cc_g=yes
ac_cv_scotty_have_int16_t=yes
ac_cv_scotty_have_int32_t=yes
ac_cv_scotty_have_ipaddr_t=no
ac_cv_scotty_have_uint16_t=yes
ac_cv_scotty_have_uint32_t=yes
ac_cv_search_getmntent=no
ac_cv_sizeof_int=4
ac_cv_sizeof_long=8
ac_cv_sizeof_long_long=8
ac_cv_sizeof_short=2
ac_cv_sizeof_unsigned_int=4
ac_cv_sizeof_unsigned_long=8
ac_cv_sizeof_unsigned_long_long=8
ac_cv_sizeof_unsigned_short=2
ac_cv_struct_sa_len=yes
ac_cv_type_int=yes
ac_cv_type_long=yes
ac_cv_type_long_long=yes
ac_cv_type_short=yes
ac_cv_type_size_t=yes
ac_cv_type_socklen_t=yes
ac_cv_type_unsigned_int=yes
ac_cv_type_unsigned_long=yes
ac_cv_type_unsigned_long_long=yes
ac_cv_type_unsigned_short=yes
tnm_cv_path_tcl_config=/usr/local/lib/tcl8.4

## ----------------- ##
## Output variables. ##
## ----------------- ##

BUILD_TARGETS=' scotty'
CC='cc'
CFLAGS='-g -O2'
CPP='cc -E'
CPPFLAGS=''
DEFS='-DHAVE_CONFIG_H'
DL_LIBS=''
ECHO_C=''
ECHO_N='-n'
ECHO_T=''
EGREP='/usr/bin/grep -E'
EXEEXT=''
GENERIC_CFLAGS=''
GREP='/usr/bin/grep'
INSTALL_DATA='${INSTALL} -m 644'
INSTALL_PROGRAM='${INSTALL}'
INSTALL_SCRIPT='${INSTALL}'
INSTALL_TARGETS=' tnm-install'
LDFLAGS=''
LD_FLAGS=''
LD_SEARCH_FLAGS='-rpath ${LIB_RUNTIME_DIR}'
LIBOBJS=''
LIBS=' -lz'
LTLIBOBJS=''
NM_LIBS=''
OBJEXT='o'
PACKAGE_BUGREPORT=''
PACKAGE_NAME=''
PACKAGE_STRING=''
PACKAGE_TARNAME=''
PACKAGE_VERSION=''
PATH_SEPARATOR=':'
RPCGEN='rpcgen'
SHELL='/usr/local/bin/bash'
SHLIB_CFLAGS='-fPIC'
SHLIB_LD='cc -shared'
SHLIB_SUFFIX='.so'
TCL_DBGX=''
TCL_EXEC_PREFIX='/usr/local'
TCL_INCLUDES='-I/usr/local/include -I/usr/local/include/tcl8.4'
TCL_LIB_SPEC='-L/usr/local/lib -ltcl84${TCL_DBGX}'
TCL_VERSION='8.4'
TKI_VERSION='1.5.0'
TK_DBGX=''
TK_EXEC_PREFIX=''
TK_INCLUDES=''
TK_LIB_SPEC=''
TK_VERSION='8.4'
TK_XINCLUDES=''
TK_XLIBSW=''
TNM_VERSION='3.0.0'
ac_ct_CC='cc'
bindir='${exec_prefix}/bin'
build_alias=''
datadir='${datarootdir}'
datarootdir='${prefix}/share'
docdir='${datarootdir}/doc/${PACKAGE}'
dvidir='${docdir}'
exec_prefix='${prefix}'
host_alias=''
htmldir='${docdir}'
includedir='${prefix}/include'
infodir='${datarootdir}/info'
libdir='${exec_prefix}/lib'
libexecdir='${exec_prefix}/libexec'
localedir='${datarootdir}/locale'
localstatedir='${prefix}/var'
mandir='${datarootdir}/man'
oldincludedir='/usr/include'
pdfdir='${docdir}'
prefix='/usr/local'
program_transform_name='s,x,x,'
psdir='${docdir}'
sbindir='${exec_prefix}/sbin'
sharedstatedir='${prefix}/com'
sysconfdir='${prefix}/etc'
target_alias=''
tclsh='/usr/local/bin/tclsh8.4'
wish=''

## ----------- ##
## confdefs.h. ##
## ----------- ##

#define PACKAGE_NAME ""
#define PACKAGE_TARNAME ""
#define PACKAGE_VERSION ""
#define PACKAGE_STRING ""
#define PACKAGE_BUGREPORT ""
#define STDC_HEADERS 1
#define HAVE_SYS_TYPES_H 1
#define HAVE_SYS_STAT_H 1
#define HAVE_STDLIB_H 1
#define HAVE_STRING_H 1
#define HAVE_MEMORY_H 1
#define HAVE_STRINGS_H 1
#define HAVE_INTTYPES_H 1
#define HAVE_STDINT_H 1
#define HAVE_UNISTD_H 1
#define SIZEOF_SHORT 2
#define SIZEOF_UNSIGNED_SHORT 2
#define SIZEOF_INT 4
#define SIZEOF_UNSIGNED_INT 4
#define SIZEOF_LONG 8
#define SIZEOF_UNSIGNED_LONG 8
#define SIZEOF_LONG_LONG 8
#define SIZEOF_UNSIGNED_LONG_LONG 8
#define ipaddr_t uint32_t
#define HAVE_SYS_SOCKET_H 1
#define HAVE_SOCKLEN_T 1
#define HAVE_SA_LEN 1
#define HAVE_INET_PTON 1
#define HAVE_INET_NTOP 1
#define HAVE_GETADDRINFO 1
#define HAVE_GETNAMEINFO 1
#define HAVE_STDLIB_H 1
#define HAVE_UNISTD_H 1
#define HAVE_SYS_SELECT_H 1
#define HAVE_ZLIB_H 1
#define HAVE_STRERROR 1
#define HAVE_GETHOSTENT 1
#define HAVE_GETNETENT 1
#define HAVE_GETPROTOENT 1
#define HAVE_GETSERVENT 1
#define HAVE_GETRPCENT 1
#define HAVE_RPCENT 1

configure: exit 0
